<?xml version="1.0" encoding="UTF-8"?>
<!-- Generated by org.testng.reporters.JUnitReportReporter -->
<testsuite hostname="SWQA-NV-LEN" failures="0" tests="2" name="com.qa.tests.ProductTests" time="23.341" errors="0" timestamp="2025-09-14T15:37:21 PDT" skipped="0">
  <testcase classname="com.qa.tests.ProductTests" name="validateProductOnProductsPage" time="6.156"/>
  <testcase classname="com.qa.tests.ProductTests" name="validateProductOnProductsDetailPage" time="17.185"/>
</testsuite> <!-- com.qa.tests.ProductTests -->
