<?xml version="1.0" encoding="UTF-8"?>
<!-- Generated by org.testng.reporters.JUnitReportReporter -->
<testsuite hostname="SWQA-NV-LEN" failures="0" tests="3" name="com.qa.tests.LoginTests" time="17.479" errors="0" timestamp="2025-09-14T15:15:08 PDT" skipped="0">
  <testcase classname="com.qa.tests.LoginTests" name="invalidUserNameTest" time="5.045"/>
  <testcase classname="com.qa.tests.LoginTests" name="successfulLogin" time="5.170"/>
  <testcase classname="com.qa.tests.LoginTests" name="invalidPassword" time="7.264"/>
</testsuite> <!-- com.qa.tests.LoginTests -->
