<?xml version="1.0" encoding="UTF-8"?>
<!-- Generated by org.testng.reporters.JUnitReportReporter -->
<testsuite hostname="SWQA-NV-LEN" failures="0" tests="2" name="com.qa.tests.ProductTests" time="35.558" errors="0" timestamp="2025-09-14T20:21:54 PDT" skipped="0">
  <testcase classname="com.qa.tests.ProductTests" name="validateProductOnProductsPage" time="9.521"/>
  <testcase classname="com.qa.tests.ProductTests" name="validateProductOnProductsDetailPage" time="26.037"/>
</testsuite> <!-- com.qa.tests.ProductTests -->
